2026-02-06 17:16:13,340 - ERROR - Configuration file config.json not found
2026-02-06 17:16:13,340 - ERROR - Application error: [Errno 2] No such file or directory: 'config.json'
2026-02-06 17:18:44,153 - INFO - ================================================================================
2026-02-06 17:18:44,154 - INFO - Starting Payslip Generation Process
2026-02-06 17:18:44,154 - INFO - ================================================================================
2026-02-06 17:18:44,160 - INFO - Loaded 3 employee records from C:\Users\Shashu\OneDrive\Desktop\payslip\uploads\employees_20260206_171842.csv
2026-02-06 17:18:44,161 - INFO - Processing 3 employee payslips...
2026-02-06 17:18:44,161 - INFO - 
Processing 1/3: ASHIK (RSIDH0002)
2026-02-06 17:18:44,176 - INFO - Generated payslip PDF: payslips\RSIDH0002_December-2025_Payslip.pdf
2026-02-06 17:18:47,297 - ERROR - Failed to send email to ashik@example.com: (535, b'5.7.8 Username and Password not accepted. For more information, go to\n5.7.8  https://support.google.com/mail/?p=BadCredentials 98e67ed59e1d1-354b4607243sm1288577a91.6 - gsmtp')
2026-02-06 17:18:47,297 - INFO - WhatsApp sending is disabled in config
2026-02-06 17:18:47,298 - INFO - 
Processing 2/3: RAJESH PATEL (RSIDH0003)
2026-02-06 17:18:47,310 - INFO - Generated payslip PDF: payslips\RSIDH0003_December-2025_Payslip.pdf
2026-02-06 17:18:50,346 - ERROR - Failed to send email to rajesh.patel@example.com: (535, b'5.7.8 Username and Password not accepted. For more information, go to\n5.7.8  https://support.google.com/mail/?p=BadCredentials d9443c01a7336-2a9521b9f5esm22810375ad.51 - gsmtp')
2026-02-06 17:18:50,346 - INFO - WhatsApp sending is disabled in config
2026-02-06 17:18:50,347 - INFO - 
Processing 3/3: GAMPA VENKATA SIVA SANKAR (RSDAH0001)
2026-02-06 17:18:50,383 - INFO - Generated payslip PDF: payslips\RSDAH0001_December-2025_Payslip.pdf
2026-02-06 17:18:53,581 - ERROR - Failed to send email to gampa@example.com: (535, b'5.7.8 Username and Password not accepted. For more information, go to\n5.7.8  https://support.google.com/mail/?p=BadCredentials d9443c01a7336-2a9521eb939sm22591085ad.73 - gsmtp')
2026-02-06 17:18:53,582 - INFO - WhatsApp sending is disabled in config
2026-02-06 17:18:53,582 - INFO - 
================================================================================
2026-02-06 17:18:53,582 - INFO - PAYSLIP GENERATION SUMMARY
2026-02-06 17:18:53,582 - INFO - ================================================================================
2026-02-06 17:18:53,582 - INFO - Total Employees Processed: 3
2026-02-06 17:18:53,583 - INFO - Payslips Generated Successfully: 3
2026-02-06 17:18:53,583 - INFO - Payslip Generation Errors: 0
2026-02-06 17:18:53,583 - INFO - 
Email Delivery:
2026-02-06 17:18:53,583 - INFO -   - Sent Successfully: 0
2026-02-06 17:18:53,583 - INFO -   - Failed: 3
2026-02-06 17:18:53,584 - INFO - 
WhatsApp Delivery:
2026-02-06 17:18:53,584 - INFO -   - Sent Successfully: 0
2026-02-06 17:18:53,585 - INFO -   - Failed: 3
2026-02-06 17:18:53,585 - INFO - ================================================================================
2026-02-06 17:18:53,585 - INFO - Output Directory: C:\Users\Shashu\OneDrive\Desktop\payslip\payslips
2026-02-06 17:18:53,585 - INFO - Log File: payslip_generator.log
2026-02-06 17:18:53,585 - INFO - ================================================================================
2026-02-06 17:19:55,804 - INFO - ================================================================================
2026-02-06 17:19:55,804 - INFO - Starting Payslip Generation Process
2026-02-06 17:19:55,804 - INFO - ================================================================================
2026-02-06 17:19:55,810 - INFO - Loaded 3 employee records from C:\Users\Shashu\OneDrive\Desktop\payslip\uploads\employees_20260206_171954.csv
2026-02-06 17:19:55,810 - INFO - Processing 3 employee payslips...
2026-02-06 17:19:55,811 - INFO - 
Processing 1/3: ASHIK (RSIDH0002)
2026-02-06 17:19:55,827 - INFO - Generated payslip PDF: payslips\RSIDH0002_December-2025_Payslip.pdf
2026-02-06 17:19:59,034 - ERROR - Failed to send email to ashik@example.com: (535, b'5.7.8 Username and Password not accepted. For more information, go to\n5.7.8  https://support.google.com/mail/?p=BadCredentials 98e67ed59e1d1-354b2253c70sm2331986a91.17 - gsmtp')
2026-02-06 17:19:59,034 - INFO - WhatsApp sending is disabled in config
2026-02-06 17:19:59,035 - INFO - 
Processing 2/3: RAJESH PATEL (RSIDH0003)
2026-02-06 17:19:59,060 - INFO - Generated payslip PDF: payslips\RSIDH0003_December-2025_Payslip.pdf
2026-02-06 17:20:02,076 - ERROR - Failed to send email to rajesh.patel@example.com: (535, b'5.7.8 Username and Password not accepted. For more information, go to\n5.7.8  https://support.google.com/mail/?p=BadCredentials d9443c01a7336-2a951a644a6sm31340085ad.8 - gsmtp')
2026-02-06 17:20:02,076 - INFO - WhatsApp sending is disabled in config
2026-02-06 17:20:02,077 - INFO - 
Processing 3/3: GAMPA VENKATA SIVA SANKAR (RSDAH0001)
2026-02-06 17:20:02,090 - INFO - Generated payslip PDF: payslips\RSDAH0001_December-2025_Payslip.pdf
2026-02-06 17:20:05,093 - ERROR - Failed to send email to gampa@example.com: (535, b'5.7.8 Username and Password not accepted. For more information, go to\n5.7.8  https://support.google.com/mail/?p=BadCredentials d9443c01a7336-2a9521b9761sm23083205ad.48 - gsmtp')
2026-02-06 17:20:05,094 - INFO - WhatsApp sending is disabled in config
2026-02-06 17:20:05,094 - INFO - 
================================================================================
2026-02-06 17:20:05,094 - INFO - PAYSLIP GENERATION SUMMARY
2026-02-06 17:20:05,094 - INFO - ================================================================================
2026-02-06 17:20:05,095 - INFO - Total Employees Processed: 3
2026-02-06 17:20:05,095 - INFO - Payslips Generated Successfully: 3
2026-02-06 17:20:05,095 - INFO - Payslip Generation Errors: 0
2026-02-06 17:20:05,095 - INFO - 
Email Delivery:
2026-02-06 17:20:05,095 - INFO -   - Sent Successfully: 0
2026-02-06 17:20:05,096 - INFO -   - Failed: 3
2026-02-06 17:20:05,096 - INFO - 
WhatsApp Delivery:
2026-02-06 17:20:05,096 - INFO -   - Sent Successfully: 0
2026-02-06 17:20:05,096 - INFO -   - Failed: 3
2026-02-06 17:20:05,097 - INFO - ================================================================================
2026-02-06 17:20:05,097 - INFO - Output Directory: C:\Users\Shashu\OneDrive\Desktop\payslip\payslips
2026-02-06 17:20:05,097 - INFO - Log File: payslip_generator.log
2026-02-06 17:20:05,097 - INFO - ================================================================================
2026-02-06 17:40:21,848 - INFO - ================================================================================
2026-02-06 17:40:21,848 - INFO - Starting Payslip Generation Process
2026-02-06 17:40:21,848 - INFO - ================================================================================
2026-02-06 17:40:21,854 - INFO - Loaded 3 employee records from C:\Users\Shashu\OneDrive\Desktop\payslip\uploads\employees_20260206_174020.csv
2026-02-06 17:40:21,855 - INFO - Processing 3 employee payslips...
2026-02-06 17:40:21,856 - INFO - 
Processing 1/3: ASHIK (RSIDH0002)
2026-02-06 17:40:21,877 - INFO - Generated payslip PDF: payslips\RSIDH0002_Dec-25_Payslip.pdf
2026-02-06 17:40:24,924 - ERROR - Failed to send email to hemanth78917@gmail.com: (535, b'5.7.8 Username and Password not accepted. For more information, go to\n5.7.8  https://support.google.com/mail/?p=BadCredentials 98e67ed59e1d1-354b1f49191sm2441572a91.7 - gsmtp')
2026-02-06 17:40:24,924 - INFO - WhatsApp sending is disabled in config
2026-02-06 17:40:24,924 - INFO - 
Processing 2/3: RAJESH PATEL (RSIDH0003)
2026-02-06 17:40:24,936 - INFO - Generated payslip PDF: payslips\RSIDH0003_Dec-25_Payslip.pdf
2026-02-06 17:40:27,954 - ERROR - Failed to send email to rajesh.patel@example.com: (535, b'5.7.8 Username and Password not accepted. For more information, go to\n5.7.8  https://support.google.com/mail/?p=BadCredentials d9443c01a7336-2a951c7a047sm22585075ad.27 - gsmtp')
2026-02-06 17:40:27,954 - INFO - WhatsApp sending is disabled in config
2026-02-06 17:40:27,955 - INFO - 
Processing 3/3: GAMPA VENKATA SIVA SANKAR (RSDAH0001)
2026-02-06 17:40:27,966 - INFO - Generated payslip PDF: payslips\RSDAH0001_Dec-25_Payslip.pdf
2026-02-06 17:40:31,043 - ERROR - Failed to send email to gampa@example.com: (535, b'5.7.8 Username and Password not accepted. For more information, go to\n5.7.8  https://support.google.com/mail/?p=BadCredentials 98e67ed59e1d1-3549c28241fsm6031211a91.11 - gsmtp')
2026-02-06 17:40:31,043 - INFO - WhatsApp sending is disabled in config
2026-02-06 17:40:31,044 - INFO - 
================================================================================
2026-02-06 17:40:31,044 - INFO - PAYSLIP GENERATION SUMMARY
2026-02-06 17:40:31,045 - INFO - ================================================================================
2026-02-06 17:40:31,045 - INFO - Total Employees Processed: 3
2026-02-06 17:40:31,046 - INFO - Payslips Generated Successfully: 3
2026-02-06 17:40:31,046 - INFO - Payslip Generation Errors: 0
2026-02-06 17:40:31,046 - INFO - 
Email Delivery:
2026-02-06 17:40:31,047 - INFO -   - Sent Successfully: 0
2026-02-06 17:40:31,047 - INFO -   - Failed: 3
2026-02-06 17:40:31,047 - INFO - 
WhatsApp Delivery:
2026-02-06 17:40:31,048 - INFO -   - Sent Successfully: 0
2026-02-06 17:40:31,048 - INFO -   - Failed: 3
2026-02-06 17:40:31,048 - INFO - ================================================================================
2026-02-06 17:40:31,049 - INFO - Output Directory: C:\Users\Shashu\OneDrive\Desktop\payslip\payslips
2026-02-06 17:40:31,049 - INFO - Log File: payslip_generator.log
2026-02-06 17:40:31,049 - INFO - ================================================================================
2026-02-06 17:44:36,786 - INFO - ================================================================================
2026-02-06 17:44:36,786 - INFO - Starting Payslip Generation Process
2026-02-06 17:44:36,787 - INFO - ================================================================================
2026-02-06 17:44:36,794 - INFO - Loaded 3 employee records from C:\Users\Shashu\OneDrive\Desktop\payslip\uploads\employees_20260206_174435.csv
2026-02-06 17:44:36,795 - INFO - Processing 3 employee payslips...
2026-02-06 17:44:36,796 - INFO - 
Processing 1/3: ASHIK (RSIDH0002)
2026-02-06 17:44:36,811 - INFO - Generated payslip PDF: payslips\RSIDH0002_Dec-25_Payslip.pdf
2026-02-06 17:44:39,888 - ERROR - Failed to send email to hemanth78917@gmail.com: (535, b'5.7.8 Username and Password not accepted. For more information, go to\n5.7.8  https://support.google.com/mail/?p=BadCredentials d9443c01a7336-2a951c9746esm23152605ad.39 - gsmtp')
2026-02-06 17:44:39,889 - INFO - WhatsApp sending is disabled in config
2026-02-06 17:44:39,889 - INFO - 
Processing 2/3: RAJESH PATEL (RSIDH0003)
2026-02-06 17:44:39,905 - INFO - Generated payslip PDF: payslips\RSIDH0003_Dec-25_Payslip.pdf
2026-02-06 17:44:42,980 - ERROR - Failed to send email to rajesh.patel@example.com: (535, b'5.7.8 Username and Password not accepted. For more information, go to\n5.7.8  https://support.google.com/mail/?p=BadCredentials d9443c01a7336-2a951c50206sm23236365ad.19 - gsmtp')
2026-02-06 17:44:42,980 - INFO - WhatsApp sending is disabled in config
2026-02-06 17:44:42,981 - INFO - 
Processing 3/3: GAMPA VENKATA SIVA SANKAR (RSDAH0001)
2026-02-06 17:44:43,000 - INFO - Generated payslip PDF: payslips\RSDAH0001_Dec-25_Payslip.pdf
2026-02-06 17:44:46,144 - ERROR - Failed to send email to gampa@example.com: (535, b'5.7.8 Username and Password not accepted. For more information, go to\n5.7.8  https://support.google.com/mail/?p=BadCredentials d9443c01a7336-2a951c9b34dsm23326125ad.40 - gsmtp')
2026-02-06 17:44:46,144 - INFO - WhatsApp sending is disabled in config
2026-02-06 17:44:46,145 - INFO - 
================================================================================
2026-02-06 17:44:46,145 - INFO - PAYSLIP GENERATION SUMMARY
2026-02-06 17:44:46,145 - INFO - ================================================================================
2026-02-06 17:44:46,146 - INFO - Total Employees Processed: 3
2026-02-06 17:44:46,146 - INFO - Payslips Generated Successfully: 3
2026-02-06 17:44:46,146 - INFO - Payslip Generation Errors: 0
2026-02-06 17:44:46,147 - INFO - 
Email Delivery:
2026-02-06 17:44:46,147 - INFO -   - Sent Successfully: 0
2026-02-06 17:44:46,147 - INFO -   - Failed: 3
2026-02-06 17:44:46,148 - INFO - 
WhatsApp Delivery:
2026-02-06 17:44:46,148 - INFO -   - Sent Successfully: 0
2026-02-06 17:44:46,148 - INFO -   - Failed: 3
2026-02-06 17:44:46,148 - INFO - ================================================================================
2026-02-06 17:44:46,149 - INFO - Output Directory: C:\Users\Shashu\OneDrive\Desktop\payslip\payslips
2026-02-06 17:44:46,149 - INFO - Log File: payslip_generator.log
2026-02-06 17:44:46,149 - INFO - ================================================================================
2026-02-06 17:47:16,465 - INFO - ================================================================================
2026-02-06 17:47:16,465 - INFO - Starting Payslip Generation Process
2026-02-06 17:47:16,465 - INFO - ================================================================================
2026-02-06 17:47:16,478 - INFO - Loaded 3 employee records from C:\Users\Shashu\OneDrive\Desktop\payslip\uploads\employees_20260206_174714.csv
2026-02-06 17:47:16,479 - INFO - Processing 3 employee payslips...
2026-02-06 17:47:16,480 - INFO - 
Processing 1/3: ASHIK (RSIDH0002)
2026-02-06 17:47:16,510 - INFO - Generated payslip PDF: payslips\RSIDH0002_Dec-25_Payslip.pdf
2026-02-06 17:47:19,236 - INFO - Email sent successfully to hemanth78917@gmail.com
2026-02-06 17:47:19,236 - INFO - WhatsApp sending is disabled in config
2026-02-06 17:47:19,237 - INFO - 
Processing 2/3: RAJESH PATEL (RSIDH0003)
2026-02-06 17:47:19,259 - INFO - Generated payslip PDF: payslips\RSIDH0003_Dec-25_Payslip.pdf
2026-02-06 17:47:19,755 - ERROR - Failed to send email to rajesh.patel@example.com: {'rajesh.patel@example.com': (501, b'5.1.5 Recipient address reserved by RFC 2606')}
2026-02-06 17:47:19,755 - INFO - WhatsApp sending is disabled in config
2026-02-06 17:47:19,756 - INFO - 
Processing 3/3: GAMPA VENKATA SIVA SANKAR (RSDAH0001)
2026-02-06 17:47:19,766 - INFO - Generated payslip PDF: payslips\RSDAH0001_Dec-25_Payslip.pdf
2026-02-06 17:47:20,255 - ERROR - Failed to send email to gampa@example.com: {'gampa@example.com': (501, b'5.1.5 Recipient address reserved by RFC 2606')}
2026-02-06 17:47:20,256 - INFO - WhatsApp sending is disabled in config
2026-02-06 17:47:20,256 - INFO - 
================================================================================
2026-02-06 17:47:20,256 - INFO - PAYSLIP GENERATION SUMMARY
2026-02-06 17:47:20,256 - INFO - ================================================================================
2026-02-06 17:47:20,256 - INFO - Total Employees Processed: 3
2026-02-06 17:47:20,256 - INFO - Payslips Generated Successfully: 3
2026-02-06 17:47:20,256 - INFO - Payslip Generation Errors: 0
2026-02-06 17:47:20,257 - INFO - 
Email Delivery:
2026-02-06 17:47:20,257 - INFO -   - Sent Successfully: 1
2026-02-06 17:47:20,257 - INFO -   - Failed: 2
2026-02-06 17:47:20,257 - INFO - 
WhatsApp Delivery:
2026-02-06 17:47:20,257 - INFO -   - Sent Successfully: 0
2026-02-06 17:47:20,257 - INFO -   - Failed: 3
2026-02-06 17:47:20,257 - INFO - ================================================================================
2026-02-06 17:47:20,257 - INFO - Output Directory: C:\Users\Shashu\OneDrive\Desktop\payslip\payslips
2026-02-06 17:47:20,257 - INFO - Log File: payslip_generator.log
2026-02-06 17:47:20,258 - INFO - ================================================================================
2026-02-07 10:56:19,409 - INFO - ================================================================================
2026-02-07 10:56:19,410 - INFO - Starting Payslip Generation Process
2026-02-07 10:56:19,410 - INFO - ================================================================================
2026-02-07 10:56:19,420 - INFO - Loaded 3 employee records from C:\Users\Shashu\OneDrive\Desktop\payslip\uploads\employees_20260207_105617.csv
2026-02-07 10:56:19,424 - INFO - Processing 3 employee payslips...
2026-02-07 10:56:19,425 - INFO - 
Processing 1/3: ASHIK (RSIDH0002)
2026-02-07 10:56:19,458 - INFO - Generated payslip PDF: payslips\RSIDH0002_Dec-25_Payslip.pdf
2026-02-07 10:56:26,251 - ERROR - Failed to send email to hemanth78917@gmail.com: (535, b'5.7.139 Authentication unsuccessful, basic authentication is disabled. [MA5PR01CA0113.INDPRD01.PROD.OUTLOOK.COM 2026-02-07T05:26:27.603Z 08DE65DFD67344EE]')
2026-02-07 10:56:26,251 - INFO - WhatsApp sending is disabled in config
2026-02-07 10:56:26,251 - INFO - 
Processing 2/3: RAJESH PATEL (RSIDH0003)
2026-02-07 10:56:26,261 - INFO - Generated payslip PDF: payslips\RSIDH0003_Dec-25_Payslip.pdf
2026-02-07 10:56:32,933 - ERROR - Failed to send email to rajesh.patel@example.com: (535, b'5.7.139 Authentication unsuccessful, basic authentication is disabled. [MA5PR01CA0113.INDPRD01.PROD.OUTLOOK.COM 2026-02-07T05:26:34.286Z 08DE65DFD6734554]')
2026-02-07 10:56:32,934 - INFO - WhatsApp sending is disabled in config
2026-02-07 10:56:32,935 - INFO - 
Processing 3/3: GAMPA VENKATA SIVA SANKAR (RSDAH0001)
2026-02-07 10:56:32,956 - INFO - Generated payslip PDF: payslips\RSDAH0001_Dec-25_Payslip.pdf
2026-02-07 10:56:39,681 - ERROR - Failed to send email to gampa@example.com: (535, b'5.7.139 Authentication unsuccessful, basic authentication is disabled. [MA5P287CA0157.INDP287.PROD.OUTLOOK.COM 2026-02-07T05:26:54.927Z 08DE660341AA23F1]')
2026-02-07 10:56:39,682 - INFO - WhatsApp sending is disabled in config
2026-02-07 10:56:39,682 - INFO - 
================================================================================
2026-02-07 10:56:39,682 - INFO - PAYSLIP GENERATION SUMMARY
2026-02-07 10:56:39,682 - INFO - ================================================================================
2026-02-07 10:56:39,683 - INFO - Total Employees Processed: 3
2026-02-07 10:56:39,683 - INFO - Payslips Generated Successfully: 3
2026-02-07 10:56:39,683 - INFO - Payslip Generation Errors: 0
2026-02-07 10:56:39,683 - INFO - 
Email Delivery:
2026-02-07 10:56:39,684 - INFO -   - Sent Successfully: 0
2026-02-07 10:56:39,684 - INFO -   - Failed: 3
2026-02-07 10:56:39,684 - INFO - 
WhatsApp Delivery:
2026-02-07 10:56:39,684 - INFO -   - Sent Successfully: 0
2026-02-07 10:56:39,684 - INFO -   - Failed: 3
2026-02-07 10:56:39,685 - INFO - ================================================================================
2026-02-07 10:56:39,685 - INFO - Output Directory: C:\Users\Shashu\OneDrive\Desktop\payslip\payslips
2026-02-07 10:56:39,685 - INFO - Log File: payslip_generator.log
2026-02-07 10:56:39,686 - INFO - ================================================================================
